<?xml version="1.0" encoding="UTF-8"?>
<!-- Generated by org.testng.reporters.JUnitReportReporter -->
<testsuite hostname="Sami_Android4" name="ca.caProject.launchAppCA" tests="1" failures="0" timestamp="20 Nov 2018 04:53:05 GMT" time="57.191" errors="0">
  <testcase name="f" time="57.191" classname="ca.caProject.launchAppCA"/>
</testsuite> <!-- ca.caProject.launchAppCA -->
