<?xml version="1.0" encoding="UTF-8"?>
<!-- Generated by org.testng.reporters.JUnitReportReporter -->
<testsuite hostname="Sami_Android4" name="ca.caProject.ClientMaster" tests="2" failures="0" timestamp="17 Nov 2018 09:46:37 GMT" time="26.878" errors="0">
  <testcase name="ViewClient" time="0.260" classname="ca.caProject.ClientMaster"/>
  <testcase name="AddClient" time="26.618" classname="ca.caProject.ClientMaster"/>
</testsuite> <!-- ca.caProject.ClientMaster -->
