<?xml version="1.0" encoding="UTF-8"?>
<!-- Generated by org.testng.reporters.JUnitReportReporter -->
<testsuite hostname="Sami_Android4" name="ca.caProject.ClientStatus" tests="1" failures="0" timestamp="20 Nov 2018 04:53:05 GMT" time="14.184" errors="0">
  <testcase name="AddClientStatus" time="14.184" classname="ca.caProject.ClientStatus"/>
</testsuite> <!-- ca.caProject.ClientStatus -->
