<?xml version="1.0" encoding="UTF-8"?>
<!-- Generated by org.testng.reporters.JUnitReportReporter -->
<testsuite hostname="Sami_Android4" name="ca.caProject.launchAppCA" tests="1" failures="0" timestamp="21 Nov 2018 11:06:15 GMT" time="119.774" errors="0">
  <testcase name="f" time="119.774" classname="ca.caProject.launchAppCA"/>
</testsuite> <!-- ca.caProject.launchAppCA -->
